<?xml version="1.0" encoding="UTF-8"?>
<testsuites name="FP Update Delete" time="8.805" tests="2" failures="0" errors="0">
   <testsuite name="FP Update Delete" tests="2" failures="0" errors="0" time="8.805" skipped="0" timestamp="13-02-2024T15:32:40" hostname="Maulana Y - DESKTOP-736VERV" id="Test Suites/Final ProjectAPI/FP Update Delete">
      <properties>
         <property name="deviceName" value=""/>
         <property name="devicePlatform" value=""/>
         <property name="logFolder" value="C:\\Users\\Maulana Y\\git\\katalon-FinalAPI-Muhammad-Maulana-Yusuf\\Reports\\20240213_153231\\Final ProjectAPI\\FP Update Delete\\20240213_153232"/>
         <property name="logFiles" value="C:\\Users\\Maulana Y\\git\\katalon-FinalAPI-Muhammad-Maulana-Yusuf\\Reports\\20240213_153231\\Final ProjectAPI\\FP Update Delete\\20240213_153232\\execution0.log"/>
         <property name="attachments" value=""/>
         <property name="hostName" value="Maulana Y - DESKTOP-736VERV"/>
         <property name="hostAddress" value="172.16.213.181"/>
         <property name="os" value="Windows 11 64bit"/>
         <property name="katalonVersion" value="9.3.0.212"/>
      </properties>
      <testcase name="Test Cases/Final Project API/Update a Booking" time="5.645" classname="Test Cases/Final Project API/Update a Booking" status="PASSED">
         <system-out><![CDATA[13-02-2024T15:32:41 - [TEST_CASE][PASSED] - Test Cases/Final Project API/Update a Booking: Test Cases/Final Project API/Update a Booking

13-02-2024T15:32:41 - [TEST_STEP][PASSED] - response = sendRequest(findTestObject("Final Proj API/Login")): Send request successfully

13-02-2024T15:32:45 - [MESSAGE][INFO] - HAR: C:\Users\Maulana Y\git\katalon-FinalAPI-Muhammad-Maulana-Yusuf\Reports\20240213_153231\Final ProjectAPI\FP Update Delete\20240213_153232\requests\main\0.har

13-02-2024T15:32:45 - [MESSAGE][PASSED] - Send request successfully

13-02-2024T15:32:45 - [TEST_STEP][PASSED] - verifyResponseStatusCode(response, 200): Verify response status code successfully

13-02-2024T15:32:45 - [MESSAGE][PASSED] - Verify response status code successfully

13-02-2024T15:32:45 - [TEST_STEP][PASSED] - token = getElementPropertyValue(response, "token"): null

13-02-2024T15:32:45 - [TEST_STEP][PASSED] - updated = sendRequestAndVerify(findTestObject("Final Proj API/UpdateBooking", ["token":token])): Send request and verify the response successfully

13-02-2024T15:32:46 - [MESSAGE][INFO] - HAR: C:\Users\Maulana Y\git\katalon-FinalAPI-Muhammad-Maulana-Yusuf\Reports\20240213_153231\Final ProjectAPI\FP Update Delete\20240213_153232\requests\main\1.har

13-02-2024T15:32:46 - [TEST_CASE][PASSED] - Start Test Case : Verification: Verification accomplished successfully

13-02-2024T15:32:46 - [TEST_STEP][PASSED] - request = getInstance().getCurrentRequest(): null

13-02-2024T15:32:46 - [TEST_STEP][PASSED] - response = getInstance().getCurrentResponse(): null

13-02-2024T15:32:46 - [MESSAGE][PASSED] - Verify response successfully

13-02-2024T15:32:46 - [MESSAGE][PASSED] - All validation steps have been passed

13-02-2024T15:32:46 - [MESSAGE][PASSED] - Send request and verify the response successfully

13-02-2024T15:32:46 - [TEST_STEP][PASSED] - println(updated): null

13-02-2024T15:32:46 - [TEST_STEP][PASSED] - verifyResponseStatusCode(updated, 200): Verify response status code successfully

13-02-2024T15:32:46 - [MESSAGE][PASSED] - Verify response status code successfully

13-02-2024T15:32:46 - [TEST_STEP][PASSED] - verifyElementPropertyValue(updated, "firstname", "James"): Verify element property value successfully

13-02-2024T15:32:46 - [MESSAGE][PASSED] - Verify element property value successfully

13-02-2024T15:32:46 - [TEST_STEP][PASSED] - verifyElementPropertyValue(updated, "lastname", "Brown"): Verify element property value successfully

13-02-2024T15:32:46 - [MESSAGE][PASSED] - Verify element property value successfully

13-02-2024T15:32:46 - [TEST_STEP][PASSED] - verifyElementPropertyValue(updated, "totalprice", 111): Verify element property value successfully

13-02-2024T15:32:46 - [MESSAGE][PASSED] - Verify element property value successfully]]></system-out>
         <system-err><![CDATA[]]></system-err>
      </testcase>
      <testcase name="Test Cases/Final Project API/Delete a Booking" time="2.579" classname="Test Cases/Final Project API/Delete a Booking" status="PASSED">
         <system-out><![CDATA[13-02-2024T15:32:46 - [TEST_CASE][PASSED] - Test Cases/Final Project API/Delete a Booking: Test Cases/Final Project API/Delete a Booking

13-02-2024T15:32:46 - [TEST_STEP][PASSED] - response = sendRequest(findTestObject("Final Proj API/Login")): Send request successfully

13-02-2024T15:32:48 - [MESSAGE][INFO] - HAR: C:\Users\Maulana Y\git\katalon-FinalAPI-Muhammad-Maulana-Yusuf\Reports\20240213_153231\Final ProjectAPI\FP Update Delete\20240213_153232\requests\main\2.har

13-02-2024T15:32:48 - [MESSAGE][PASSED] - Send request successfully

13-02-2024T15:32:48 - [TEST_STEP][PASSED] - token = getElementPropertyValue(response, "token"): null

13-02-2024T15:32:48 - [TEST_STEP][PASSED] - verifyResponseStatusCode(response, 200): Verify response status code successfully

13-02-2024T15:32:48 - [MESSAGE][PASSED] - Verify response status code successfully

13-02-2024T15:32:48 - [TEST_STEP][PASSED] - delete = sendRequestAndVerify(findTestObject("Final Proj API/Detele Booking", ["token":token])): Send request and verify the response successfully

13-02-2024T15:32:49 - [MESSAGE][INFO] - HAR: C:\Users\Maulana Y\git\katalon-FinalAPI-Muhammad-Maulana-Yusuf\Reports\20240213_153231\Final ProjectAPI\FP Update Delete\20240213_153232\requests\main\3.har

13-02-2024T15:32:49 - [TEST_CASE][PASSED] - Start Test Case : Verification: Verification accomplished successfully

13-02-2024T15:32:49 - [TEST_STEP][PASSED] - request = getInstance().getCurrentRequest(): null

13-02-2024T15:32:49 - [TEST_STEP][PASSED] - response = getInstance().getCurrentResponse(): null

13-02-2024T15:32:49 - [MESSAGE][PASSED] - Verify response successfully

13-02-2024T15:32:49 - [MESSAGE][PASSED] - All validation steps have been passed

13-02-2024T15:32:49 - [MESSAGE][PASSED] - Send request and verify the response successfully

13-02-2024T15:32:49 - [TEST_STEP][PASSED] - println(token): null

13-02-2024T15:32:49 - [TEST_STEP][PASSED] - verifyResponseStatusCode(delete, 201): Verify response status code successfully

13-02-2024T15:32:49 - [MESSAGE][PASSED] - Verify response status code successfully]]></system-out>
         <system-err><![CDATA[]]></system-err>
      </testcase>
      <system-out><![CDATA[13-02-2024T15:32:40 - [TEST_SUITE][PASSED] - FP Update Delete: Test Cases/Final Project API/Delete a Booking]]></system-out>
      <system-err><![CDATA[]]></system-err>
   </testsuite>
</testsuites>
